<?xml version="1.0" encoding="UTF-8"?>
<!-- Generated by org.testng.reporters.JUnitReportReporter -->
<testsuite hostname="DDC4-L-5296ZQM" name="scripts.WQM_config_script" tests="1" failures="0" timestamp="10 May 2016 11:22:27 GMT" time="249.871" errors="0">
  <testcase name="mainScript" time="249.871" classname="scripts.WQM_config_script"/>
</testsuite> <!-- scripts.WQM_config_script -->
