<?xml version="1.0" encoding="UTF-8"?>
<!-- Generated by org.testng.reporters.JUnitReportReporter -->
<testsuite hostname="DDC4-L-5296ZQM" name="scripts.WQM_config_script" tests="1" failures="0" timestamp="26 May 2016 10:48:19 GMT" time="554.914" errors="0">
  <testcase name="mainScript" time="554.914" classname="scripts.WQM_config_script"/>
</testsuite> <!-- scripts.WQM_config_script -->
