<?xml version="1.0" encoding="UTF-8"?>
<!-- Generated by org.testng.reporters.JUnitReportReporter -->
<testsuite hostname="bdc4b-d-740mx52" name="scripts.GCC_mainScript" tests="33" failures="0" timestamp="23 Aug 2017 07:05:03 GMT" time="236.663" errors="0">
  <testcase name="clientData" time="91.502" classname="scripts.GCC_mainScript"/>
  <testcase name="clientData" time="0.016" classname="scripts.GCC_mainScript"/>
  <testcase name="clientData" time="0.001" classname="scripts.GCC_mainScript"/>
  <testcase name="clientData" time="0.003" classname="scripts.GCC_mainScript"/>
  <testcase name="clientData" time="0.001" classname="scripts.GCC_mainScript"/>
  <testcase name="mainScript" time="0.000" classname="scripts.GCC_mainScript"/>
  <testcase name="clientData" time="0.002" classname="scripts.GCC_mainScript"/>
  <testcase name="clientData" time="83.409" classname="scripts.GCC_mainScript"/>
  <testcase name="clientData" time="0.004" classname="scripts.GCC_mainScript"/>
  <testcase name="mainScript" time="61.656" classname="scripts.GCC_mainScript"/>
  <testcase name="mainScript" time="0.015" classname="scripts.GCC_mainScript"/>
  <testcase name="clientData" time="0.002" classname="scripts.GCC_mainScript"/>
  <testcase name="mainScript" time="0.000" classname="scripts.GCC_mainScript"/>
  <testcase name="mainScript" time="0.000" classname="scripts.GCC_mainScript"/>
  <testcase name="clientData" time="0.005" classname="scripts.GCC_mainScript"/>
  <testcase name="clientData" time="0.001" classname="scripts.GCC_mainScript"/>
  <testcase name="clientData" time="0.001" classname="scripts.GCC_mainScript"/>
  <testcase name="clientData" time="0.002" classname="scripts.GCC_mainScript"/>
  <testcase name="clientData" time="0.002" classname="scripts.GCC_mainScript"/>
  <testcase name="clientData" time="0.002" classname="scripts.GCC_mainScript"/>
  <testcase name="clientData" time="0.002" classname="scripts.GCC_mainScript"/>
  <testcase name="clientData" time="0.001" classname="scripts.GCC_mainScript"/>
  <testcase name="clientData" time="0.004" classname="scripts.GCC_mainScript"/>
  <testcase name="clientData" time="0.016" classname="scripts.GCC_mainScript"/>
  <testcase name="clientData" time="0.003" classname="scripts.GCC_mainScript"/>
  <testcase name="clientData" time="0.001" classname="scripts.GCC_mainScript"/>
  <testcase name="clientData" time="0.002" classname="scripts.GCC_mainScript"/>
  <testcase name="mainScript" time="0.000" classname="scripts.GCC_mainScript"/>
  <testcase name="clientData" time="0.001" classname="scripts.GCC_mainScript"/>
  <testcase name="clientData" time="0.002" classname="scripts.GCC_mainScript"/>
  <testcase name="clientData" time="0.002" classname="scripts.GCC_mainScript"/>
  <testcase name="clientData" time="0.005" classname="scripts.GCC_mainScript"/>
  <testcase name="clientData" time="0.000" classname="scripts.GCC_mainScript"/>
</testsuite> <!-- scripts.GCC_mainScript -->
