<?xml version="1.0" encoding="UTF-8"?>
<!-- Generated by org.testng.reporters.JUnitReportReporter -->
<testsuite hostname="DDC4-L-5296ZQM" name="scripts.WQM_acceptance" tests="1" failures="0" timestamp="29 Mar 2017 09:58:29 GMT" time="347.501" errors="0">
  <testcase name="mainScript" time="347.501" classname="scripts.WQM_acceptance"/>
</testsuite> <!-- scripts.WQM_acceptance -->
