<?xml version="1.0" encoding="UTF-8"?>
<!-- Generated by org.testng.reporters.JUnitReportReporter -->
<testsuite hostname="bdc4b-d-740mx52" name="scripts.WQM_acceptance" tests="39" failures="0" timestamp="17 Aug 2017 08:42:00 GMT" time="240.334" errors="0">
  <testcase name="clientData" time="0.003" classname="scripts.WQM_acceptance"/>
  <testcase name="mappingForHRL" time="0.001" classname="scripts.WQM_acceptance"/>
  <testcase name="mappingForHRL" time="0.001" classname="scripts.WQM_acceptance"/>
  <testcase name="mappingForFA" time="0.002" classname="scripts.WQM_acceptance"/>
  <testcase name="mappingForHRL" time="0.001" classname="scripts.WQM_acceptance"/>
  <testcase name="clientData" time="0.001" classname="scripts.WQM_acceptance"/>
  <testcase name="mappingForHRL" time="0.002" classname="scripts.WQM_acceptance"/>
  <testcase name="mappingForHRL" time="0.001" classname="scripts.WQM_acceptance"/>
  <testcase name="mappingForFA" time="0.001" classname="scripts.WQM_acceptance"/>
  <testcase name="mappingForFA" time="0.001" classname="scripts.WQM_acceptance"/>
  <testcase name="mappingForHRL" time="0.001" classname="scripts.WQM_acceptance"/>
  <testcase name="clientData" time="0.003" classname="scripts.WQM_acceptance"/>
  <testcase name="mappingForHRL" time="0.002" classname="scripts.WQM_acceptance"/>
  <testcase name="clientData" time="52.729" classname="scripts.WQM_acceptance"/>
  <testcase name="clientData" time="0.007" classname="scripts.WQM_acceptance"/>
  <testcase name="mappingForHRL" time="45.439" classname="scripts.WQM_acceptance"/>
  <testcase name="mappingForFA" time="0.001" classname="scripts.WQM_acceptance"/>
  <testcase name="clientData" time="0.002" classname="scripts.WQM_acceptance"/>
  <testcase name="mappingForHRL" time="0.001" classname="scripts.WQM_acceptance"/>
  <testcase name="mappingForHRL" time="0.001" classname="scripts.WQM_acceptance"/>
  <testcase name="mappingForFA" time="0.001" classname="scripts.WQM_acceptance"/>
  <testcase name="mappingForHRL" time="0.001" classname="scripts.WQM_acceptance"/>
  <testcase name="mappingForHRL" time="0.001" classname="scripts.WQM_acceptance"/>
  <testcase name="mappingForFA" time="36.229" classname="scripts.WQM_acceptance"/>
  <testcase name="mainScript" time="105.870" classname="scripts.WQM_acceptance"/>
  <testcase name="mappingForFA" time="0.001" classname="scripts.WQM_acceptance"/>
  <testcase name="mappingForHRL" time="0.001" classname="scripts.WQM_acceptance"/>
  <testcase name="clientData" time="0.004" classname="scripts.WQM_acceptance"/>
  <testcase name="mappingForFA" time="0.004" classname="scripts.WQM_acceptance"/>
  <testcase name="mappingForHRL" time="0.001" classname="scripts.WQM_acceptance"/>
  <testcase name="mappingForFA" time="0.001" classname="scripts.WQM_acceptance"/>
  <testcase name="mappingForHRL" time="0.004" classname="scripts.WQM_acceptance"/>
  <testcase name="mappingForHRL" time="0.000" classname="scripts.WQM_acceptance"/>
  <testcase name="mappingForFA" time="0.004" classname="scripts.WQM_acceptance"/>
  <testcase name="mappingForFA" time="0.003" classname="scripts.WQM_acceptance"/>
  <testcase name="clientData" time="0.006" classname="scripts.WQM_acceptance"/>
  <testcase name="mappingForHRL" time="0.001" classname="scripts.WQM_acceptance"/>
  <testcase name="mappingForFA" time="0.001" classname="scripts.WQM_acceptance"/>
  <testcase name="mappingForFA" time="0.001" classname="scripts.WQM_acceptance"/>
</testsuite> <!-- scripts.WQM_acceptance -->
