<?xml version="1.0" encoding="UTF-8"?>
<testsuite name="TestSuite" time="347.501" tests="1" errors="0" skipped="0" failures="0">
  <properties>
    <property name="java.runtime.name" value="Java(TM) SE Runtime Environment"/>
    <property name="sun.boot.library.path" value="C:\Program Files (x86)\Silk\SilkTest\ng\jre\bin"/>
    <property name="java.vm.version" value="24.75-b04"/>
    <property name="java.vm.vendor" value="Oracle Corporation"/>
    <property name="maven.multiModuleProjectDirectory" value="C:\Users\a.f.srivastava\workspace_selenium\ITSM_regression"/>
    <property name="java.vendor.url" value="http://java.oracle.com/"/>
    <property name="path.separator" value=";"/>
    <property name="guice.disable.misplaced.annotation.check" value="true"/>
    <property name="java.vm.name" value="Java HotSpot(TM) Client VM"/>
    <property name="file.encoding.pkg" value="sun.io"/>
    <property name="user.script" value=""/>
    <property name="user.country" value="US"/>
    <property name="sun.java.launcher" value="SUN_STANDARD"/>
    <property name="sun.os.patch.level" value=""/>
    <property name="java.vm.specification.name" value="Java Virtual Machine Specification"/>
    <property name="user.dir" value="C:\Users\a.f.srivastava\workspace_selenium\ITSM_regression"/>
    <property name="java.runtime.version" value="1.7.0_75-b13"/>
    <property name="java.awt.graphicsenv" value="sun.awt.Win32GraphicsEnvironment"/>
    <property name="basedir" value="C:\Users\a.f.srivastava\workspace_selenium\ITSM_regression"/>
    <property name="java.endorsed.dirs" value="C:\Program Files (x86)\Silk\SilkTest\ng\jre\lib\endorsed"/>
    <property name="os.arch" value="x86"/>
    <property name="java.io.tmpdir" value="C:\Users\AFEBF6~1.SRI\AppData\Local\Temp\"/>
    <property name="line.separator" value="&#10;"/>
    <property name="java.vm.specification.vendor" value="Oracle Corporation"/>
    <property name="user.variant" value=""/>
    <property name="os.name" value="Windows 8.1"/>
    <property name="classworlds.conf" value="C:\Users\a.f.srivastava\workspace_selenium\.metadata\.plugins\org.eclipse.m2e.launching\launches\m2conf5441991927844462013.tmp"/>
    <property name="sun.jnu.encoding" value="Cp1252"/>
    <property name="jnidispatch.path" value="C:\Users\AFEBF6~1.SRI\AppData\Local\Temp\jna--1351130421\jna566479213833233833.dll"/>
    <property name="java.library.path" value="C:\Program Files (x86)\Silk\SilkTest\ng\jre\bin;C:\WINDOWS\Sun\Java\bin;C:\WINDOWS\system32;C:\WINDOWS;C:\Program Files\Broadcom\Broadcom 802.11;;C:\ProgramData\Oracle\Java\javapath;C:\WINDOWS\system32;C:\WINDOWS;C:\WINDOWS\System32\Wbem;C:\WINDOWS\System32\WindowsPowerShell\v1.0\;C:\Program Files\OpenVPN\bin;C:\Program Files (x86)\Silk\SilkTest;C:\Program Files (x86)\Silk\SilkTest\ng\gui;C:\Program Files (x86)\IBM\SDP\FunctionalTester\bin\rational_ft.exe;C:\WINDOWS\System32\WindowsPowerShell\v1.0\;."/>
    <property name="surefire.test.class.path" value="C:\Users\a.f.srivastava\workspace_selenium\ITSM_regression\target\test-classes;C:\Users\a.f.srivastava\workspace_selenium\ITSM_regression\target\classes;C:\Users\a.f.srivastava\.m2\repository\junit\junit\3.8.1\junit-3.8.1.jar;C:\Users\a.f.srivastava\.m2\repository\org\apache\poi\poi-ooxml\3.6\poi-ooxml-3.6.jar;C:\Users\a.f.srivastava\.m2\repository\net\sourceforge\jexcelapi\jxl\2.6.3\jxl-2.6.3.jar;C:\Users\a.f.srivastava\.m2\repository\log4j\log4j\1.2.14\log4j-1.2.14.jar;C:\Users\a.f.srivastava\.m2\repository\javax\mail\mail\1.4\mail-1.4.jar;C:\Users\a.f.srivastava\.m2\repository\javax\activation\activation\1.1\activation-1.1.jar;C:\Users\a.f.srivastava\.m2\repository\org\apache\poi\poi-contrib\3.6\poi-contrib-3.6.jar;C:\Users\a.f.srivastava\.m2\repository\commons-logging\commons-logging\1.1\commons-logging-1.1.jar;C:\Users\a.f.srivastava\.m2\repository\logkit\logkit\1.0.1\logkit-1.0.1.jar;C:\Users\a.f.srivastava\.m2\repository\avalon-framework\avalon-framework\4.1.3\avalon-framework-4.1.3.jar;C:\Users\a.f.srivastava\.m2\repository\javax\servlet\servlet-api\2.3\servlet-api-2.3.jar;C:\Users\a.f.srivastava\.m2\repository\org\apache\geronimo\specs\geronimo-stax-api_1.0_spec\1.0.1\geronimo-stax-api_1.0_spec-1.0.1.jar;C:\Users\a.f.srivastava\.m2\repository\org\apache\poi\poi\3.6\poi-3.6.jar;C:\Users\a.f.srivastava\.m2\repository\org\apache\poi\poi-ooxml-schemas\3.6\poi-ooxml-schemas-3.6.jar;C:\Users\a.f.srivastava\.m2\repository\org\apache\poi\poi-scratchpad\3.6\poi-scratchpad-3.6.jar;C:\Users\a.f.srivastava\.m2\repository\dom4j\dom4j\1.6.1\dom4j-1.6.1.jar;C:\Users\a.f.srivastava\.m2\repository\xml-apis\xml-apis\1.0.b2\xml-apis-1.0.b2.jar;C:\Users\a.f.srivastava\.m2\repository\org\apache\xmlbeans\xmlbeans\2.3.0\xmlbeans-2.3.0.jar;C:\Users\a.f.srivastava\.m2\repository\stax\stax-api\1.0.1\stax-api-1.0.1.jar;C:\Users\a.f.srivastava\.m2\repository\org\testng\testng\6.8\testng-6.8.jar;C:\Users\a.f.srivastava\.m2\repository\org\beanshell\bsh\2.0b4\bsh-2.0b4.jar;C:\Users\a.f.srivastava\.m2\repository\com\beust\jcommander\1.27\jcommander-1.27.jar;C:\Users\a.f.srivastava\.m2\repository\org\yaml\snakeyaml\1.6\snakeyaml-1.6.jar;C:\Users\a.f.srivastava\.m2\repository\com\google\inject\guice\4.0-beta\guice-4.0-beta.jar;C:\Users\a.f.srivastava\.m2\repository\javax\inject\javax.inject\1\javax.inject-1.jar;C:\Users\a.f.srivastava\.m2\repository\aopalliance\aopalliance\1.0\aopalliance-1.0.jar;C:\Users\a.f.srivastava\.m2\repository\velocity\velocity-dep\1.4\velocity-dep-1.4.jar;C:\Users\a.f.srivastava\.m2\repository\org\seleniumhq\selenium\selenium-java\2.53.0\selenium-java-2.53.0.jar;C:\Users\a.f.srivastava\.m2\repository\org\seleniumhq\selenium\selenium-chrome-driver\2.53.0\selenium-chrome-driver-2.53.0.jar;C:\Users\a.f.srivastava\.m2\repository\org\seleniumhq\selenium\selenium-remote-driver\2.53.0\selenium-remote-driver-2.53.0.jar;C:\Users\a.f.srivastava\.m2\repository\cglib\cglib-nodep\2.1_3\cglib-nodep-2.1_3.jar;C:\Users\a.f.srivastava\.m2\repository\com\google\code\gson\gson\2.3.1\gson-2.3.1.jar;C:\Users\a.f.srivastava\.m2\repository\org\seleniumhq\selenium\selenium-api\2.53.0\selenium-api-2.53.0.jar;C:\Users\a.f.srivastava\.m2\repository\org\apache\httpcomponents\httpclient\4.5.1\httpclient-4.5.1.jar;C:\Users\a.f.srivastava\.m2\repository\org\apache\httpcomponents\httpcore\4.4.3\httpcore-4.4.3.jar;C:\Users\a.f.srivastava\.m2\repository\commons-codec\commons-codec\1.9\commons-codec-1.9.jar;C:\Users\a.f.srivastava\.m2\repository\org\seleniumhq\selenium\selenium-edge-driver\2.53.0\selenium-edge-driver-2.53.0.jar;C:\Users\a.f.srivastava\.m2\repository\commons-io\commons-io\2.4\commons-io-2.4.jar;C:\Users\a.f.srivastava\.m2\repository\org\apache\commons\commons-exec\1.3\commons-exec-1.3.jar;C:\Users\a.f.srivastava\.m2\repository\org\seleniumhq\selenium\selenium-firefox-driver\2.53.0\selenium-firefox-driver-2.53.0.jar;C:\Users\a.f.srivastava\.m2\repository\org\seleniumhq\selenium\selenium-ie-driver\2.53.0\selenium-ie-driver-2.53.0.jar;C:\Users\a.f.srivastava\.m2\repository\net\java\dev\jna\jna\4.1.0\jna-4.1.0.jar;C:\Users\a.f.srivastava\.m2\repository\net\java\dev\jna\jna-platform\4.1.0\jna-platform-4.1.0.jar;C:\Users\a.f.srivastava\.m2\repository\org\seleniumhq\selenium\selenium-safari-driver\2.53.0\selenium-safari-driver-2.53.0.jar;C:\Users\a.f.srivastava\.m2\repository\io\netty\netty\3.5.7.Final\netty-3.5.7.Final.jar;C:\Users\a.f.srivastava\.m2\repository\org\seleniumhq\selenium\selenium-support\2.53.0\selenium-support-2.53.0.jar;C:\Users\a.f.srivastava\.m2\repository\org\seleniumhq\selenium\selenium-leg-rc\2.53.0\selenium-leg-rc-2.53.0.jar;C:\Users\a.f.srivastava\.m2\repository\com\google\guava\guava\18.0\guava-18.0.jar;C:\Users\a.f.srivastava\.m2\repository\org\uncommons\reportng\1.1.4\reportng-1.1.4.jar;C:\Users\a.f.srivastava\.m2\repository\velocity\velocity\1.4\velocity-1.4.jar;C:\Users\a.f.srivastava\.m2\repository\org\apache\maven\surefire\surefire-testng-utils\2.18.1\surefire-testng-utils-2.18.1.jar;C:\Users\a.f.srivastava\.m2\repository\org\apache\maven\surefire\surefire-grouper\2.18.1\surefire-grouper-2.18.1.jar;"/>
    <property name="java.specification.name" value="Java Platform API Specification"/>
    <property name="java.class.version" value="51.0"/>
    <property name="sun.management.compiler" value="HotSpot Client Compiler"/>
    <property name="os.version" value="6.3"/>
    <property name="user.home" value="C:\Users\a.f.srivastava"/>
    <property name="user.timezone" value="Asia/Calcutta"/>
    <property name="java.awt.printerjob" value="sun.awt.windows.WPrinterJob"/>
    <property name="java.specification.version" value="1.7"/>
    <property name="file.encoding" value="Cp1252"/>
    <property name="user.name" value="a.f.srivastava"/>
    <property name="java.class.path" value="/C:/Program Files (x86)/Silk/SilkTest/eclipse/../../../../Users/a.f.srivastava/.eclipse/org.eclipse.platform_4.4.2_343264462_win32_win32_x86/plugins/org.eclipse.m2e.maven.runtime_1.6.2.20150902-0001/jars/plexus-classworlds-2.5.2.jar"/>
    <property name="java.vm.specification.version" value="1.7"/>
    <property name="sun.arch.data.model" value="32"/>
    <property name="java.home" value="C:\Program Files (x86)\Silk\SilkTest\ng\jre"/>
    <property name="sun.java.command" value="org.codehaus.plexus.classworlds.launcher.Launcher -B test"/>
    <property name="java.specification.vendor" value="Oracle Corporation"/>
    <property name="user.language" value="en"/>
    <property name="awt.toolkit" value="sun.awt.windows.WToolkit"/>
    <property name="java.vm.info" value="mixed mode"/>
    <property name="java.version" value="1.7.0_75"/>
    <property name="java.ext.dirs" value="C:\Program Files (x86)\Silk\SilkTest\ng\jre\lib\ext;C:\WINDOWS\Sun\Java\lib\ext"/>
    <property name="sun.boot.class.path" value="C:\Program Files (x86)\Silk\SilkTest\ng\jre\lib\resources.jar;C:\Program Files (x86)\Silk\SilkTest\ng\jre\lib\rt.jar;C:\Program Files (x86)\Silk\SilkTest\ng\jre\lib\sunrsasign.jar;C:\Program Files (x86)\Silk\SilkTest\ng\jre\lib\jsse.jar;C:\Program Files (x86)\Silk\SilkTest\ng\jre\lib\jce.jar;C:\Program Files (x86)\Silk\SilkTest\ng\jre\lib\charsets.jar;C:\Program Files (x86)\Silk\SilkTest\ng\jre\lib\jfr.jar;C:\Program Files (x86)\Silk\SilkTest\ng\jre\classes"/>
    <property name="webdriver.chrome.driver" value="C:\Users\a.f.srivastava\softwares\chromedriverForWIN10\chromedriver_win32\chromedriver.exe"/>
    <property name="java.vendor" value="Oracle Corporation"/>
    <property name="maven.home" value="C:\Users\a.f.srivastava\workspace_selenium\ITSM_regression\EMBEDDED"/>
    <property name="org.uncommons.reportng.escape-output" value="false"/>
    <property name="localRepository" value="C:\Users\a.f.srivastava\.m2\repository"/>
    <property name="file.separator" value="\"/>
    <property name="java.vendor.url.bug" value="http://bugreport.sun.com/bugreport/"/>
    <property name="sun.cpu.endian" value="little"/>
    <property name="sun.io.unicode.encoding" value="UnicodeLittle"/>
    <property name="sun.desktop" value="windows"/>
    <property name="sun.cpu.isalist" value=""/>
  </properties>
  <testcase name="mainScript" classname="scripts.WQM_acceptance" time="347.501"/>
</testsuite>